<?xml version="1.0" encoding="UTF-8"?>
<testng-results ignored="0" total="1" passed="1" failed="0" skipped="0">
  <reporter-output>
  </reporter-output>
  <suite started-at="2025-05-20T23:55:23 IST" name="Default suite" finished-at="2025-05-20T23:55:37 IST" duration-ms="13592">
    <groups>
    </groups>
    <test started-at="2025-05-20T23:55:23 IST" name="Default test" finished-at="2025-05-20T23:55:37 IST" duration-ms="13592">
      <class name="appium.Appium.AppiumBasics">
        <test-method is-config="true" signature="ConfigAppium()[pri:0, instance:appium.Appium.AppiumBasics@618b19ad]" started-at="2025-05-20T23:55:23 IST" name="ConfigAppium" finished-at="2025-05-20T23:55:29 IST" duration-ms="6024" status="PASS">
          <reporter-output>
          </reporter-output>
        </test-method> <!-- ConfigAppium -->
        <test-method signature="appiumBasics()[pri:0, instance:appium.Appium.AppiumBasics@618b19ad]" started-at="2025-05-20T23:55:29 IST" name="appiumBasics" finished-at="2025-05-20T23:55:36 IST" duration-ms="6845" status="PASS">
          <reporter-output>
          </reporter-output>
        </test-method> <!-- appiumBasics -->
        <test-method is-config="true" signature="tearDown()[pri:0, instance:appium.Appium.AppiumBasics@618b19ad]" started-at="2025-05-20T23:55:36 IST" name="tearDown" finished-at="2025-05-20T23:55:37 IST" duration-ms="684" status="PASS">
          <reporter-output>
          </reporter-output>
        </test-method> <!-- tearDown -->
      </class> <!-- appium.Appium.AppiumBasics -->
    </test> <!-- Default test -->
  </suite> <!-- Default suite -->
</testng-results>
