<?xml version="1.0" encoding="UTF-8"?>
<testng-results ignored="0" total="1" passed="1" failed="0" skipped="0">
  <reporter-output>
  </reporter-output>
  <suite started-at="2025-05-21T09:18:48 IST" name="Default suite" finished-at="2025-05-21T09:19:04 IST" duration-ms="15402">
    <groups>
    </groups>
    <test started-at="2025-05-21T09:18:48 IST" name="Default test" finished-at="2025-05-21T09:19:04 IST" duration-ms="15402">
      <class name="appium.Appium.LongPressGestures">
        <test-method is-config="true" signature="ConfigAppium()[pri:0, instance:appium.Appium.LongPressGestures@30c15d8b]" started-at="2025-05-21T09:18:48 IST" name="ConfigAppium" finished-at="2025-05-21T09:18:55 IST" duration-ms="6539" status="PASS">
          <reporter-output>
          </reporter-output>
        </test-method> <!-- ConfigAppium -->
        <test-method signature="longPress()[pri:0, instance:appium.Appium.LongPressGestures@30c15d8b]" started-at="2025-05-21T09:18:55 IST" name="longPress" finished-at="2025-05-21T09:19:03 IST" duration-ms="8350" status="PASS">
          <reporter-output>
          </reporter-output>
        </test-method> <!-- longPress -->
        <test-method is-config="true" signature="tearDown()[pri:0, instance:appium.Appium.LongPressGestures@30c15d8b]" started-at="2025-05-21T09:19:03 IST" name="tearDown" finished-at="2025-05-21T09:19:04 IST" duration-ms="479" status="PASS">
          <reporter-output>
          </reporter-output>
        </test-method> <!-- tearDown -->
      </class> <!-- appium.Appium.LongPressGestures -->
    </test> <!-- Default test -->
  </suite> <!-- Default suite -->
</testng-results>
